Using profiles profiles/default/ and workflow specific profile profiles/default for setting default command line arguments.
Config file ../config/config-glicid-scratch.yml is extended by additional config specified via the command line.
Building DAG of jobs...
Your conda installation is not configured to use strict channel priorities. This is however important for having robust and correct environments (for details, see https://conda-forge.org/docs/user/tipsandtricks.html). Please consider to configure strict priorities by executing 'conda config --set channel_priority strict'.
Creating report...
Missing metadata for file /scratch/nautilus/users/sanglier-l@univ-nantes.fr/scRNASeq_Florian/cogaps/results/4T1_S+_5000HVG/cogaps/patterns_8/object/4T1_S+_5000HVG.npatterns-8.cogaps-object.Rds. Maybe metadata was deleted or it was created using an older version of Snakemake. This is a non critical warning.
Missing metadata for file /scratch/nautilus/users/sanglier-l@univ-nantes.fr/scRNASeq_Florian/cogaps/results/4T1_S+_5000HVG/cogaps/patterns_9/object/4T1_S+_5000HVG.npatterns-9.cogaps-object.Rds. Maybe metadata was deleted or it was created using an older version of Snakemake. This is a non critical warning.
Missing metadata for file /scratch/nautilus/users/sanglier-l@univ-nantes.fr/scRNASeq_Florian/cogaps/results/4T1_S+_5000HVG/cogaps/patterns_10/object/4T1_S+_5000HVG.npatterns-10.cogaps-object.Rds. Maybe metadata was deleted or it was created using an older version of Snakemake. This is a non critical warning.
Missing metadata for file /scratch/nautilus/users/sanglier-l@univ-nantes.fr/scRNASeq_Florian/cogaps/results/4T1_S-_5000HVG/cogaps/patterns_8/object/4T1_S-_5000HVG.npatterns-8.cogaps-object.Rds. Maybe metadata was deleted or it was created using an older version of Snakemake. This is a non critical warning.
Missing metadata for file /scratch/nautilus/users/sanglier-l@univ-nantes.fr/scRNASeq_Florian/cogaps/results/4T1_S-_5000HVG/cogaps/patterns_9/object/4T1_S-_5000HVG.npatterns-9.cogaps-object.Rds. Maybe metadata was deleted or it was created using an older version of Snakemake. This is a non critical warning.
Missing metadata for file /scratch/nautilus/users/sanglier-l@univ-nantes.fr/scRNASeq_Florian/cogaps/results/4T1_S-_5000HVG/cogaps/patterns_10/object/4T1_S-_5000HVG.npatterns-10.cogaps-object.Rds. Maybe metadata was deleted or it was created using an older version of Snakemake. This is a non critical warning.
Adding 4T1_S+_5000HVG.npatterns-8.report.html (13.46 MB).
Adding 4T1_S+_5000HVG.npatterns-9.report.html (13.58 MB).
Adding 4T1_S+_5000HVG.npatterns-10.report.html (14.07 MB).
Adding 4T1_S-_5000HVG.npatterns-8.report.html (13.73 MB).
Adding 4T1_S-_5000HVG.npatterns-9.report.html (13.78 MB).
Adding 4T1_S-_5000HVG.npatterns-10.report.html (14.84 MB).
Loading script code for rule pattern_markers
Loading script code for rule pattern_markers_seurat
Loading script code for rule cells_contribution
Loading script code for rule genes_contribution
Loading script code for rule patterns_specificity
Loading script code for rule generate_hallmarks
Loading script code for rule generate_curated_gs
Loading script code for rule generate_c8
Loading script code for rule generate_hallmarks_manually
Loading script code for rule plot_uniq_hallmarks
Loading script code for rule plot_hallmarks
Loading script code for rule patterns_significance
Loading script code for rule plot_hallmarks_heatmap
Loading script code for rule plot_c2_heatmap
Loading script code for rule plot_c8_heatmap
Loading script code for rule plot_hallmarks_heatmap_manually
Loading script code for rule umap_dominant
Loading script code for rule reduce_dim_cogaps
Loading script code for rule nb_cells
Loading script code for rule calculate_signature
Loading script code for rule plot_markers
Loading script code for rule plot_markers_seurat
Loading script code for rule umap_weight
Loading script code for rule pattern_group_heatmap
Loading script code for rule nmf_seurat_clustering
Loading script code for rule pattern_nmf_clusters_heatmap
Loading script code for rule umap_metadata
Loading script code for rule recap_patterns_global
Report created.
